#
# An unexpected error has occurred (11)
#
Stack:
/software/Vivado/2015.4/tps/lnx64/jre/lib/amd64/server/libjvm.so(+0x90ea59) [0x7ff88ca5aa59]
/software/Vivado/2015.4/tps/lnx64/jre/lib/amd64/server/libjvm.so(JVM_handle_linux_signal+0xb6) [0x7ff88ca60b46]
/software/Vivado/2015.4/tps/lnx64/jre/lib/amd64/server/libjvm.so(+0x90b493) [0x7ff88ca57493]
/lib/x86_64-linux-gnu/libc.so.6(+0x36cb0) [0x7ff8bc7d0cb0]
/software/Vivado/2015.4/lib/lnx64.o/librdi_simbridge_kernel.so(SimBridge::WdbSharedMemReader::restart()+0xb) [0x7ff890a0b84b]
/software/Vivado/2015.4/lib/lnx64.o/librdi_wavedata.so(SimBridge::DataReader::restart()+0x2c) [0x7ff89588a41c]
/software/Vivado/2015.4/lib/lnx64.o/librdi_wavedata.so(SimBridge::FrontEndControl::runRestart() const+0x1f) [0x7ff8958644ef]
/software/Vivado/2015.4/lib/lnx64.o/librdi_simdata.so(RSDData::RSDLiveSimulationObjectImp::issueBlockingCommand(RSDData::CommandContainer const&, HDGUIStatus*, Tcl_Interp*)+0x81f) [0x7ff899396dcf]
/software/Vivado/2015.4/lib/lnx64.o/librdi_simdata.so(RSDData::RSDLiveSimulationObject::issueRunRestart()+0x33) [0x7ff8993973e3]
/software/Vivado/2015.4/lib/lnx64.o/librdi_simtcltasks.so(+0x218ce2) [0x7ff8650b6ce2]
/software/Vivado/2015.4/lib/lnx64.o/librdi_common.so(+0x5478a2) [0x7ff8bd7c88a2]
/software/Vivado/2015.4/lib/lnx64.o/libtcl8.5.so(+0x331f5) [0x7ff8b88a11f5]
/software/Vivado/2015.4/lib/lnx64.o/libtcl8.5.so(+0x76bbe) [0x7ff8b88e4bbe]
/software/Vivado/2015.4/lib/lnx64.o/libtcl8.5.so(+0x7e767) [0x7ff8b88ec767]
/software/Vivado/2015.4/lib/lnx64.o/libtcl8.5.so(TclEvalObjEx+0x77) [0x7ff8b88a3327]
/software/Vivado/2015.4/lib/lnx64.o/librdi_common.so(+0x546fc2) [0x7ff8bd7c7fc2]
/software/Vivado/2015.4/lib/lnx64.o/libtcl8.5.so(Tcl_ServiceEvent+0x87) [0x7ff8b8915b37]
/software/Vivado/2015.4/lib/lnx64.o/libtcl8.5.so(Tcl_DoOneEvent+0x129) [0x7ff8b8915e69]
/software/Vivado/2015.4/lib/lnx64.o/librdi_commontasks.so(+0x2d6235) [0x7ff8b4508235]
/software/Vivado/2015.4/lib/lnx64.o/librdi_commontasks.so(+0x2dda06) [0x7ff8b450fa06]
/software/Vivado/2015.4/lib/lnx64.o/librdi_commontasks.so(+0x2d64d3) [0x7ff8b45084d3]
/software/Vivado/2015.4/lib/lnx64.o/librdi_common.so(+0x5478a2) [0x7ff8bd7c88a2]
/software/Vivado/2015.4/lib/lnx64.o/libtcl8.5.so(+0x331f5) [0x7ff8b88a11f5]
/software/Vivado/2015.4/lib/lnx64.o/libtcl8.5.so(Tcl_EvalObjv+0x32) [0x7ff8b88a17e2]
/software/Vivado/2015.4/lib/lnx64.o/libtcl8.5.so(TclEvalObjEx+0x322) [0x7ff8b88a35d2]
/software/Vivado/2015.4/lib/lnx64.o/librdi_commonmain.so(+0x5f00) [0x7ff8bd07cf00]
/software/Vivado/2015.4/lib/lnx64.o/libtcl8.5.so(Tcl_Main+0x1d5) [0x7ff8b890e175]
/software/Vivado/2015.4/lib/lnx64.o/librdi_common.so(+0x580749) [0x7ff8bd801749]
/lib/x86_64-linux-gnu/libpthread.so.0(+0x8184) [0x7ff8bc27e184]
/lib/x86_64-linux-gnu/libc.so.6(clone+0x6d) [0x7ff8bc89437d]
