#
# An unexpected error has occurred (11)
#
Stack:
/software/Vivado/2015.4/tps/lnx64/jre/lib/amd64/server/libjvm.so(+0x90ea59) [0x7fef02563a59]
/software/Vivado/2015.4/tps/lnx64/jre/lib/amd64/server/libjvm.so(JVM_handle_linux_signal+0xb6) [0x7fef02569b46]
/software/Vivado/2015.4/tps/lnx64/jre/lib/amd64/server/libjvm.so(+0x90b493) [0x7fef02560493]
/lib/x86_64-linux-gnu/libc.so.6(+0x36cb0) [0x7fef322d9cb0]
/software/Vivado/2015.4/lib/lnx64.o/librdi_simbridge_kernel.so(SimBridge::WdbSharedMemReader::restart()+0xb) [0x7fef0651484b]
/software/Vivado/2015.4/lib/lnx64.o/librdi_wavedata.so(SimBridge::DataReader::restart()+0x2c) [0x7fef0b39341c]
/software/Vivado/2015.4/lib/lnx64.o/librdi_wavedata.so(SimBridge::FrontEndControl::runRestart() const+0x1f) [0x7fef0b36d4ef]
/software/Vivado/2015.4/lib/lnx64.o/librdi_simdata.so(RSDData::RSDLiveSimulationObjectImp::issueBlockingCommand(RSDData::CommandContainer const&, HDGUIStatus*, Tcl_Interp*)+0x81f) [0x7fef0ee9fdcf]
/software/Vivado/2015.4/lib/lnx64.o/librdi_simdata.so(RSDData::RSDLiveSimulationObject::issueRunRestart()+0x33) [0x7fef0eea03e3]
/software/Vivado/2015.4/lib/lnx64.o/librdi_simtcltasks.so(+0x218ce2) [0x7feed9194ce2]
/software/Vivado/2015.4/lib/lnx64.o/librdi_common.so(+0x5478a2) [0x7fef332d18a2]
/software/Vivado/2015.4/lib/lnx64.o/libtcl8.5.so(+0x331f5) [0x7fef2e3aa1f5]
/software/Vivado/2015.4/lib/lnx64.o/libtcl8.5.so(+0x76bbe) [0x7fef2e3edbbe]
/software/Vivado/2015.4/lib/lnx64.o/libtcl8.5.so(+0x7e767) [0x7fef2e3f5767]
/software/Vivado/2015.4/lib/lnx64.o/libtcl8.5.so(TclEvalObjEx+0x77) [0x7fef2e3ac327]
/software/Vivado/2015.4/lib/lnx64.o/librdi_common.so(+0x546fc2) [0x7fef332d0fc2]
/software/Vivado/2015.4/lib/lnx64.o/libtcl8.5.so(Tcl_ServiceEvent+0x87) [0x7fef2e41eb37]
/software/Vivado/2015.4/lib/lnx64.o/libtcl8.5.so(Tcl_DoOneEvent+0x129) [0x7fef2e41ee69]
/software/Vivado/2015.4/lib/lnx64.o/librdi_commontasks.so(+0x2d6235) [0x7fef2a011235]
/software/Vivado/2015.4/lib/lnx64.o/librdi_commontasks.so(+0x2dda06) [0x7fef2a018a06]
/software/Vivado/2015.4/lib/lnx64.o/librdi_commontasks.so(+0x2d64d3) [0x7fef2a0114d3]
/software/Vivado/2015.4/lib/lnx64.o/librdi_common.so(+0x5478a2) [0x7fef332d18a2]
/software/Vivado/2015.4/lib/lnx64.o/libtcl8.5.so(+0x331f5) [0x7fef2e3aa1f5]
/software/Vivado/2015.4/lib/lnx64.o/libtcl8.5.so(Tcl_EvalObjv+0x32) [0x7fef2e3aa7e2]
/software/Vivado/2015.4/lib/lnx64.o/libtcl8.5.so(TclEvalObjEx+0x322) [0x7fef2e3ac5d2]
/software/Vivado/2015.4/lib/lnx64.o/librdi_commonmain.so(+0x5f00) [0x7fef32b85f00]
/software/Vivado/2015.4/lib/lnx64.o/libtcl8.5.so(Tcl_Main+0x1d5) [0x7fef2e417175]
/software/Vivado/2015.4/lib/lnx64.o/librdi_common.so(+0x580749) [0x7fef3330a749]
/lib/x86_64-linux-gnu/libpthread.so.0(+0x8184) [0x7fef31d87184]
/lib/x86_64-linux-gnu/libc.so.6(clone+0x6d) [0x7fef3239d37d]
