#
# An unexpected error has occurred (11)
#
Stack:
/software/Vivado/2015.4/tps/lnx64/jre/lib/amd64/server/libjvm.so(+0x90ea59) [0x7fa2bc0b0a59]
/software/Vivado/2015.4/tps/lnx64/jre/lib/amd64/server/libjvm.so(JVM_handle_linux_signal+0xb6) [0x7fa2bc0b6b46]
/software/Vivado/2015.4/tps/lnx64/jre/lib/amd64/server/libjvm.so(+0x90b493) [0x7fa2bc0ad493]
/lib/x86_64-linux-gnu/libc.so.6(+0x36cb0) [0x7fa2ebe26cb0]
/software/Vivado/2015.4/lib/lnx64.o/librdi_simbridge_kernel.so(SimBridge::WdbSharedMemReader::restart()+0xb) [0x7fa2c006184b]
/software/Vivado/2015.4/lib/lnx64.o/librdi_wavedata.so(SimBridge::DataReader::restart()+0x2c) [0x7fa2c4ee041c]
/software/Vivado/2015.4/lib/lnx64.o/librdi_wavedata.so(SimBridge::FrontEndControl::runRestart() const+0x1f) [0x7fa2c4eba4ef]
/software/Vivado/2015.4/lib/lnx64.o/librdi_simdata.so(RSDData::RSDLiveSimulationObjectImp::issueBlockingCommand(RSDData::CommandContainer const&, HDGUIStatus*, Tcl_Interp*)+0x81f) [0x7fa2c89ecdcf]
/software/Vivado/2015.4/lib/lnx64.o/librdi_simdata.so(RSDData::RSDLiveSimulationObject::issueRunRestart()+0x33) [0x7fa2c89ed3e3]
/software/Vivado/2015.4/lib/lnx64.o/librdi_simtcltasks.so(+0x218ce2) [0x7fa29470cce2]
/software/Vivado/2015.4/lib/lnx64.o/librdi_common.so(+0x5478a2) [0x7fa2ece1e8a2]
/software/Vivado/2015.4/lib/lnx64.o/libtcl8.5.so(+0x331f5) [0x7fa2e7ef71f5]
/software/Vivado/2015.4/lib/lnx64.o/libtcl8.5.so(+0x76bbe) [0x7fa2e7f3abbe]
/software/Vivado/2015.4/lib/lnx64.o/libtcl8.5.so(+0x7e767) [0x7fa2e7f42767]
/software/Vivado/2015.4/lib/lnx64.o/libtcl8.5.so(TclEvalObjEx+0x77) [0x7fa2e7ef9327]
/software/Vivado/2015.4/lib/lnx64.o/librdi_common.so(+0x546fc2) [0x7fa2ece1dfc2]
/software/Vivado/2015.4/lib/lnx64.o/libtcl8.5.so(Tcl_ServiceEvent+0x87) [0x7fa2e7f6bb37]
/software/Vivado/2015.4/lib/lnx64.o/libtcl8.5.so(Tcl_DoOneEvent+0x129) [0x7fa2e7f6be69]
/software/Vivado/2015.4/lib/lnx64.o/librdi_commontasks.so(+0x2d6235) [0x7fa2e3b5e235]
/software/Vivado/2015.4/lib/lnx64.o/librdi_commontasks.so(+0x2dda06) [0x7fa2e3b65a06]
/software/Vivado/2015.4/lib/lnx64.o/librdi_commontasks.so(+0x2d64d3) [0x7fa2e3b5e4d3]
/software/Vivado/2015.4/lib/lnx64.o/librdi_common.so(+0x5478a2) [0x7fa2ece1e8a2]
/software/Vivado/2015.4/lib/lnx64.o/libtcl8.5.so(+0x331f5) [0x7fa2e7ef71f5]
/software/Vivado/2015.4/lib/lnx64.o/libtcl8.5.so(Tcl_EvalObjv+0x32) [0x7fa2e7ef77e2]
/software/Vivado/2015.4/lib/lnx64.o/libtcl8.5.so(TclEvalObjEx+0x322) [0x7fa2e7ef95d2]
/software/Vivado/2015.4/lib/lnx64.o/librdi_commonmain.so(+0x5f00) [0x7fa2ec6d2f00]
/software/Vivado/2015.4/lib/lnx64.o/libtcl8.5.so(Tcl_Main+0x1d5) [0x7fa2e7f64175]
/software/Vivado/2015.4/lib/lnx64.o/librdi_common.so(+0x580749) [0x7fa2ece57749]
/lib/x86_64-linux-gnu/libpthread.so.0(+0x8184) [0x7fa2eb8d4184]
/lib/x86_64-linux-gnu/libc.so.6(clone+0x6d) [0x7fa2ebeea37d]
