#
# An unexpected error has occurred (11)
#
Stack:
/software/Vivado/2015.4/tps/lnx64/jre/lib/amd64/server/libjvm.so(+0x90ea59) [0x7f4da12d4a59]
/software/Vivado/2015.4/tps/lnx64/jre/lib/amd64/server/libjvm.so(JVM_handle_linux_signal+0xb6) [0x7f4da12dab46]
/software/Vivado/2015.4/tps/lnx64/jre/lib/amd64/server/libjvm.so(+0x90b493) [0x7f4da12d1493]
/lib/x86_64-linux-gnu/libc.so.6(+0x36cb0) [0x7f4dd104acb0]
/software/Vivado/2015.4/lib/lnx64.o/librdi_simbridge_kernel.so(SimBridge::WdbSharedMemReader::restart()+0xb) [0x7f4da528584b]
/software/Vivado/2015.4/lib/lnx64.o/librdi_wavedata.so(SimBridge::DataReader::restart()+0x2c) [0x7f4daa10441c]
/software/Vivado/2015.4/lib/lnx64.o/librdi_wavedata.so(SimBridge::FrontEndControl::runRestart() const+0x1f) [0x7f4daa0de4ef]
/software/Vivado/2015.4/lib/lnx64.o/librdi_simdata.so(RSDData::RSDLiveSimulationObjectImp::issueBlockingCommand(RSDData::CommandContainer const&, HDGUIStatus*, Tcl_Interp*)+0x81f) [0x7f4dadc10dcf]
/software/Vivado/2015.4/lib/lnx64.o/librdi_simdata.so(RSDData::RSDLiveSimulationObject::issueRunRestart()+0x33) [0x7f4dadc113e3]
/software/Vivado/2015.4/lib/lnx64.o/librdi_simtcltasks.so(+0x218ce2) [0x7f4d79930ce2]
/software/Vivado/2015.4/lib/lnx64.o/librdi_common.so(+0x5478a2) [0x7f4dd20428a2]
/software/Vivado/2015.4/lib/lnx64.o/libtcl8.5.so(+0x331f5) [0x7f4dcd11b1f5]
/software/Vivado/2015.4/lib/lnx64.o/libtcl8.5.so(+0x76bbe) [0x7f4dcd15ebbe]
/software/Vivado/2015.4/lib/lnx64.o/libtcl8.5.so(+0x7e767) [0x7f4dcd166767]
/software/Vivado/2015.4/lib/lnx64.o/libtcl8.5.so(TclEvalObjEx+0x77) [0x7f4dcd11d327]
/software/Vivado/2015.4/lib/lnx64.o/librdi_common.so(+0x546fc2) [0x7f4dd2041fc2]
/software/Vivado/2015.4/lib/lnx64.o/libtcl8.5.so(Tcl_ServiceEvent+0x87) [0x7f4dcd18fb37]
/software/Vivado/2015.4/lib/lnx64.o/libtcl8.5.so(Tcl_DoOneEvent+0x129) [0x7f4dcd18fe69]
/software/Vivado/2015.4/lib/lnx64.o/librdi_commontasks.so(+0x2d6235) [0x7f4dc8d82235]
/software/Vivado/2015.4/lib/lnx64.o/librdi_commontasks.so(+0x2dda06) [0x7f4dc8d89a06]
/software/Vivado/2015.4/lib/lnx64.o/librdi_commontasks.so(+0x2d64d3) [0x7f4dc8d824d3]
/software/Vivado/2015.4/lib/lnx64.o/librdi_common.so(+0x5478a2) [0x7f4dd20428a2]
/software/Vivado/2015.4/lib/lnx64.o/libtcl8.5.so(+0x331f5) [0x7f4dcd11b1f5]
/software/Vivado/2015.4/lib/lnx64.o/libtcl8.5.so(Tcl_EvalObjv+0x32) [0x7f4dcd11b7e2]
/software/Vivado/2015.4/lib/lnx64.o/libtcl8.5.so(TclEvalObjEx+0x322) [0x7f4dcd11d5d2]
/software/Vivado/2015.4/lib/lnx64.o/librdi_commonmain.so(+0x5f00) [0x7f4dd18f6f00]
/software/Vivado/2015.4/lib/lnx64.o/libtcl8.5.so(Tcl_Main+0x1d5) [0x7f4dcd188175]
/software/Vivado/2015.4/lib/lnx64.o/librdi_common.so(+0x580749) [0x7f4dd207b749]
/lib/x86_64-linux-gnu/libpthread.so.0(+0x8184) [0x7f4dd0af8184]
/lib/x86_64-linux-gnu/libc.so.6(clone+0x6d) [0x7f4dd110e37d]
